<?xml version="1.0" encoding="UTF-8"?>
<!-- Generated by org.testng.reporters.JUnitReportReporter -->
<testsuite hostname="Sourabh" name="test.java.tests.HomeTest" tests="1" failures="0" timestamp="10 Jul 2019 17:30:25 GMT" time="10.854" errors="0">
  <testcase name="loginPageTitleTest" time="10.854" classname="test.java.tests.HomeTest"/>
</testsuite> <!-- test.java.tests.HomeTest -->
